C:\USERS\TOLGAG\DESKTOP\NIST REDUCTION\OPENCL\CL\APP\TEMPLATEC\DEBUG\WIN32\TEMPLATEC.OBJ
C:\USERS\TOLGAG\DESKTOP\NIST REDUCTION\OPENCL\CL\APP\TEMPLATEC\DEBUG\WIN32\VC110.PDB
C:\USERS\TOLGAG\DESKTOP\MODULO\OPENCL\CL\APP\TEMPLATEC\DEBUG\X86\TEMPLATEC.ILK
C:\USERS\TOLGAG\DESKTOP\MODULO\OPENCL\CL\APP\TEMPLATEC\DEBUG\X86\TEMPLATEC.EXE
C:\USERS\TOLGAG\DESKTOP\NIST REDUCTION\OPENCL\CL\APP\TEMPLATEC\DEBUG\WIN32\TEMPLATEC.PDB
C:\Users\tolgag\Desktop\Nist reduction\opencl\cl\app\TemplateC\Debug\Win32\TemplateC.obj
C:\Users\tolgag\Desktop\Nist reduction\opencl\cl\app\TemplateC\Debug\Win32\cl.command.1.tlog
C:\Users\tolgag\Desktop\Nist reduction\opencl\cl\app\TemplateC\Debug\Win32\CL.read.1.tlog
C:\Users\tolgag\Desktop\Nist reduction\opencl\cl\app\TemplateC\Debug\Win32\CL.write.1.tlog
C:\Users\tolgag\Desktop\Nist reduction\opencl\cl\app\TemplateC\Debug\Win32\link-cvtres.read.1.tlog
C:\Users\tolgag\Desktop\Nist reduction\opencl\cl\app\TemplateC\Debug\Win32\link-cvtres.write.1.tlog
C:\Users\tolgag\Desktop\Nist reduction\opencl\cl\app\TemplateC\Debug\Win32\link-rc.read.1.tlog
C:\Users\tolgag\Desktop\Nist reduction\opencl\cl\app\TemplateC\Debug\Win32\link-rc.write.1.tlog
C:\Users\tolgag\Desktop\Nist reduction\opencl\cl\app\TemplateC\Debug\Win32\link.1168-cvtres.read.1.tlog
C:\Users\tolgag\Desktop\Nist reduction\opencl\cl\app\TemplateC\Debug\Win32\link.1168-cvtres.write.1.tlog
C:\Users\tolgag\Desktop\Nist reduction\opencl\cl\app\TemplateC\Debug\Win32\link.1168-rc.read.1.tlog
C:\Users\tolgag\Desktop\Nist reduction\opencl\cl\app\TemplateC\Debug\Win32\link.1168-rc.write.1.tlog
C:\Users\tolgag\Desktop\Nist reduction\opencl\cl\app\TemplateC\Debug\Win32\link.1168.read.1.tlog
C:\Users\tolgag\Desktop\Nist reduction\opencl\cl\app\TemplateC\Debug\Win32\link.1168.write.1.tlog
C:\Users\tolgag\Desktop\Nist reduction\opencl\cl\app\TemplateC\Debug\Win32\link.1244-cvtres.read.1.tlog
C:\Users\tolgag\Desktop\Nist reduction\opencl\cl\app\TemplateC\Debug\Win32\link.1244-cvtres.write.1.tlog
C:\Users\tolgag\Desktop\Nist reduction\opencl\cl\app\TemplateC\Debug\Win32\link.1244-rc.read.1.tlog
C:\Users\tolgag\Desktop\Nist reduction\opencl\cl\app\TemplateC\Debug\Win32\link.1244-rc.write.1.tlog
C:\Users\tolgag\Desktop\Nist reduction\opencl\cl\app\TemplateC\Debug\Win32\link.1244.read.1.tlog
C:\Users\tolgag\Desktop\Nist reduction\opencl\cl\app\TemplateC\Debug\Win32\link.1244.write.1.tlog
C:\Users\tolgag\Desktop\Nist reduction\opencl\cl\app\TemplateC\Debug\Win32\link.14736-cvtres.read.1.tlog
C:\Users\tolgag\Desktop\Nist reduction\opencl\cl\app\TemplateC\Debug\Win32\link.14736-cvtres.write.1.tlog
C:\Users\tolgag\Desktop\Nist reduction\opencl\cl\app\TemplateC\Debug\Win32\link.14736-rc.read.1.tlog
C:\Users\tolgag\Desktop\Nist reduction\opencl\cl\app\TemplateC\Debug\Win32\link.14736-rc.write.1.tlog
C:\Users\tolgag\Desktop\Nist reduction\opencl\cl\app\TemplateC\Debug\Win32\link.14736.read.1.tlog
C:\Users\tolgag\Desktop\Nist reduction\opencl\cl\app\TemplateC\Debug\Win32\link.14736.write.1.tlog
C:\Users\tolgag\Desktop\Nist reduction\opencl\cl\app\TemplateC\Debug\Win32\link.3820-cvtres.read.1.tlog
C:\Users\tolgag\Desktop\Nist reduction\opencl\cl\app\TemplateC\Debug\Win32\link.3820-cvtres.write.1.tlog
C:\Users\tolgag\Desktop\Nist reduction\opencl\cl\app\TemplateC\Debug\Win32\link.3820-rc.read.1.tlog
C:\Users\tolgag\Desktop\Nist reduction\opencl\cl\app\TemplateC\Debug\Win32\link.3820-rc.write.1.tlog
C:\Users\tolgag\Desktop\Nist reduction\opencl\cl\app\TemplateC\Debug\Win32\link.3820.read.1.tlog
C:\Users\tolgag\Desktop\Nist reduction\opencl\cl\app\TemplateC\Debug\Win32\link.3820.write.1.tlog
C:\Users\tolgag\Desktop\Nist reduction\opencl\cl\app\TemplateC\Debug\Win32\link.4060-cvtres.read.1.tlog
C:\Users\tolgag\Desktop\Nist reduction\opencl\cl\app\TemplateC\Debug\Win32\link.4060-cvtres.write.1.tlog
C:\Users\tolgag\Desktop\Nist reduction\opencl\cl\app\TemplateC\Debug\Win32\link.4060-rc.read.1.tlog
C:\Users\tolgag\Desktop\Nist reduction\opencl\cl\app\TemplateC\Debug\Win32\link.4060-rc.write.1.tlog
C:\Users\tolgag\Desktop\Nist reduction\opencl\cl\app\TemplateC\Debug\Win32\link.4060.read.1.tlog
C:\Users\tolgag\Desktop\Nist reduction\opencl\cl\app\TemplateC\Debug\Win32\link.4060.write.1.tlog
C:\Users\tolgag\Desktop\Nist reduction\opencl\cl\app\TemplateC\Debug\Win32\link.6660-cvtres.read.1.tlog
C:\Users\tolgag\Desktop\Nist reduction\opencl\cl\app\TemplateC\Debug\Win32\link.6660-cvtres.write.1.tlog
C:\Users\tolgag\Desktop\Nist reduction\opencl\cl\app\TemplateC\Debug\Win32\link.6660-rc.read.1.tlog
C:\Users\tolgag\Desktop\Nist reduction\opencl\cl\app\TemplateC\Debug\Win32\link.6660-rc.write.1.tlog
C:\Users\tolgag\Desktop\Nist reduction\opencl\cl\app\TemplateC\Debug\Win32\link.6660.read.1.tlog
C:\Users\tolgag\Desktop\Nist reduction\opencl\cl\app\TemplateC\Debug\Win32\link.6660.write.1.tlog
C:\Users\tolgag\Desktop\Nist reduction\opencl\cl\app\TemplateC\Debug\Win32\link.command.1.tlog
C:\Users\tolgag\Desktop\Nist reduction\opencl\cl\app\TemplateC\Debug\Win32\link.read.1.tlog
C:\Users\tolgag\Desktop\Nist reduction\opencl\cl\app\TemplateC\Debug\Win32\link.write.1.tlog
C:\Users\tolgag\Desktop\Nist reduction\opencl\cl\app\TemplateC\Debug\Win32\vc110.idb
C:\Users\tolgag\Desktop\Nist reduction\opencl\cl\app\TemplateC\Debug\Win32\TemplateC.pdb
C:\Users\tolgag\Desktop\Nist reduction\opencl\cl\app\TemplateC\Debug\Win32\vc110.pdb
C:\Users\tolgag\Desktop\Modulo\opencl\cl\app\TemplateC\Debug\x86\TemplateC.pdb
C:\Users\tolgag\Desktop\Modulo\opencl\cl\app\TemplateC\Debug\x86\TemplateC.exe
C:\Users\tolgag\Desktop\Modulo\opencl\cl\app\TemplateC\Debug\x86\TemplateC.ilk
